2021-04-18T21:24:26+02:00 [myLogger] Creazione Oggetto Studente
2021-04-18T21:24:26+02:00 [myLogger] Creazione Oggetto Studente
2021-04-18T21:24:26+02:00 [myLogger] Inserimento Studente
2021-04-18T21:24:26+02:00 [myLogger] insert into student (name,surname,sidi_code,tax_code) values (:name,:surname,:sidiCode,:taxCode)
2021-04-18T21:24:26+02:00 [myLogger] Inserimento effettuato
2021-04-18T21:24:26+02:00 [myLogger] Creazione Oggetto Studente
2021-04-18T21:24:26+02:00 [myLogger] GET METHOD ID= ALL
2021-04-18T21:24:26+02:00 [myLogger] Ricerca Studenti
2021-04-18T21:24:26+02:00 [myLogger] SELECT * FROM student
2021-04-18T21:28:42+02:00 [myLogger] Creazione Oggetto Studente
2021-04-18T21:28:42+02:00 [myLogger] GET METHOD ID= ALL
2021-04-18T21:28:42+02:00 [myLogger] Ricerca Studenti
2021-04-18T21:28:42+02:00 [myLogger] SELECT * FROM student
2021-04-18T21:29:07+02:00 [myLogger] Creazione Oggetto Studente
2021-04-18T21:29:07+02:00 [myLogger] Creazione Oggetto Studente
2021-04-18T21:29:07+02:00 [myLogger] Inserimento Studente
2021-04-18T21:29:07+02:00 [myLogger] insert into student (name,surname,sidi_code,tax_code) values (:name,:surname,:sidiCode,:taxCode)
2021-04-18T21:29:07+02:00 [myLogger] Inserimento effettuato
2021-04-18T21:29:07+02:00 [myLogger] Creazione Oggetto Studente
2021-04-18T21:29:07+02:00 [myLogger] GET METHOD ID= ALL
2021-04-18T21:29:07+02:00 [myLogger] Ricerca Studenti
2021-04-18T21:29:07+02:00 [myLogger] SELECT * FROM student
2021-04-18T21:31:39+02:00 [myLogger] Creazione Oggetto Studente
2021-04-18T21:31:39+02:00 [myLogger] GET METHOD ID= ALL
2021-04-18T21:31:39+02:00 [myLogger] Ricerca Studenti
2021-04-18T21:31:39+02:00 [myLogger] SELECT * FROM student
2021-04-18T21:31:51+02:00 [myLogger] Creazione Oggetto Studente
2021-04-18T21:31:51+02:00 [myLogger] Creazione Oggetto Studente
2021-04-18T21:31:51+02:00 [myLogger] Inserimento Studente
2021-04-18T21:31:51+02:00 [myLogger] insert into student (name,surname,sidi_code,tax_code) values (:name,:surname,:sidiCode,:taxCode)
2021-04-18T21:31:52+02:00 [myLogger] Inserimento effettuato
2021-04-18T21:31:52+02:00 [myLogger] Creazione Oggetto Studente
2021-04-18T21:31:52+02:00 [myLogger] GET METHOD ID= ALL
2021-04-18T21:31:52+02:00 [myLogger] Ricerca Studenti
2021-04-18T21:31:52+02:00 [myLogger] SELECT * FROM student
2021-04-18T21:32:04+02:00 [myLogger] Creazione Oggetto Studente
2021-04-18T21:32:04+02:00 [myLogger] PUT METHOD{"name":"Mathilde","surname":"Patrissi","sidi_code":"111","tax_code":"abcdefghillll","oper":"edit","id":"1700"}
2021-04-18T21:32:04+02:00 [myLogger] Aggiornamento Studente con id: 1700
2021-04-18T21:32:04+02:00 [myLogger] UPDATE student set name=:name,surname=:surname,sidi_code=:sidiCode,tax_code=:taxCode WHERE id=:id
2021-04-18T21:32:04+02:00 [myLogger] Aggiornamento effettuato {"_id":null,"_name":"Mathilde","_surname":"Patrissi","_sidiCode":"111","_taxCode":"abcdefghillll"}
2021-04-18T21:32:04+02:00 [myLogger] Aggiornamento studente :Mathilde
2021-04-18T21:32:04+02:00 [myLogger] Creazione Oggetto Studente
2021-04-18T21:32:04+02:00 [myLogger] GET METHOD ID= ALL
2021-04-18T21:32:04+02:00 [myLogger] Ricerca Studenti
2021-04-18T21:32:04+02:00 [myLogger] SELECT * FROM student
